<?xml version="1.0" encoding="UTF-8"?>
<!-- Generated by org.testng.reporters.JUnitReportReporter -->
<testsuite hostname="DESKTOP-AJ0BGQL" failures="0" tests="1" name="com.mystoreTestScript.Axelerant.Testcase_addtocartpage" time="53.122" errors="0" timestamp="2022-05-26T21:59:19 IST" skipped="0">
  <testcase classname="com.mystoreTestScript.Axelerant.Testcase_addtocartpage" name="addToCartTest" time="53.122"/>
  <system-out/>
</testsuite> <!-- com.mystoreTestScript.Axelerant.Testcase_addtocartpage -->
