<?xml version="1.0" encoding="UTF-8"?>
<!-- Generated by org.testng.reporters.JUnitReportReporter -->
<testsuite hostname="DESKTOP-AJ0BGQL" failures="0" tests="1" name="com.mystoreTestScript.Axelerant.Testcase_sort_filter" time="52.156" errors="0" timestamp="2022-05-26T21:59:19 IST" skipped="0">
  <testcase classname="com.mystoreTestScript.Axelerant.Testcase_sort_filter" name="sortfilter" time="52.156"/>
  <system-out/>
</testsuite> <!-- com.mystoreTestScript.Axelerant.Testcase_sort_filter -->
