<?xml version="1.0" encoding="UTF-8"?>
<!-- Generated by org.testng.reporters.JUnitReportReporter -->
<testsuite hostname="DESKTOP-AJ0BGQL" failures="0" tests="2" name="com.mystoreTestScript.Axelerant.Testcase_Landingpage" time="38.238" errors="0" timestamp="2022-05-26T21:59:19 IST" skipped="0">
  <testcase classname="com.mystoreTestScript.Axelerant.Testcase_Landingpage" name="verifylogo" time="18.972"/>
  <system-out/>
  <testcase classname="com.mystoreTestScript.Axelerant.Testcase_Landingpage" name="verifyTitle" time="19.266"/>
  <system-out/>
</testsuite> <!-- com.mystoreTestScript.Axelerant.Testcase_Landingpage -->
